  msapp.cpp
  block.cpp
  parameter.cpp
  square.cpp
  main.cpp
  msdatamodel.cpp
  mainwindow.cpp
  mainwindowcommandsink.cpp
  mainwindowpropertysink.cpp
  leftblock.cpp
  rankaddcommand.cpp
f:\homework\shortsemester2\mine_sweeping\view\sink\mainwindowcommandsink.cpp(7): warning C4100: “bOK”: 未引用的形参
  resetblockcommand.cpp
f:\homework\shortsemester2\mine_sweeping\view\mainwindow.cpp(263): warning C4100: “event”: 未引用的形参
f:\homework\shortsemester2\mine_sweeping\view\mainwindow.cpp(438): warning C4189: “HEIGHT”: 局部变量已初始化但不引用
  restartcommand.cpp
  rightblockcommand.cpp
  msviewmodel.cpp
  msviewmodelsink.cpp
  moc_mainwindow.cpp
  Mine_sweeping.vcxproj -> F:\Homework\ShortSemester2\Mine_sweeping\debug\Mine_sweeping.exe
